>> SCRITTURA CHIP: inizio
	>>	compile cpp source: start
		compile cpp source: finish
	>>	link objects src: start
		link objects src: finish
	>>	compile c lib: start
		compile c lib: finish
	>>	compile cpp lib: start
		compile cpp lib: finish
	>>	link objects src: start
		link objects src: finish
	>>	link all: start
		link all: finish
	>>	convert in intelHEX: start
		convert in intelHEX: finish
	>>	write FLASH in chip: start

avrdude: AVR device initialized and ready to accept instructions

Reading | ################################################## | 100% 0.01s

avrdude: Device signature = 0x1e9307
avrdude: NOTE: FLASH memory has been specified, an erase cycle will be performed
         To disable this feature, specify the -D option.
avrdude: erasing chip
avrdude: reading input file "out/main.hex"
avrdude: input file out/main.hex auto detected as Intel Hex
avrdude: writing flash (4096 bytes):

Writing | ################################################## | 100% 2.75s

avrdude: 4096 bytes of flash written
avrdude: verifying flash memory against out/main.hex:
avrdude: load data flash data from input file out/main.hex:
avrdude: input file out/main.hex auto detected as Intel Hex
avrdude: input file out/main.hex contains 4096 bytes
avrdude: reading on-chip flash data:

Reading | ################################################## | 100% 2.14s

avrdude: verifying ...
avrdude: 4096 bytes of flash verified

avrdude done.  Thank you.

		write FLASH in chip: finish
